mode: count
github.com/hitchnsmile/go-hangman/daos/leaderboard.go:39.39,44.2 4 0
github.com/hitchnsmile/go-hangman/daos/leaderboard.go:46.43,49.16 3 0
github.com/hitchnsmile/go-hangman/daos/leaderboard.go:52.2,53.16 2 0
github.com/hitchnsmile/go-hangman/daos/leaderboard.go:56.2,56.11 1 0
github.com/hitchnsmile/go-hangman/daos/leaderboard.go:49.16,50.13 1 0
github.com/hitchnsmile/go-hangman/daos/leaderboard.go:53.16,55.3 1 0
github.com/hitchnsmile/go-hangman/daos/leaderboard.go:59.59,63.16 4 0
github.com/hitchnsmile/go-hangman/daos/leaderboard.go:66.2,69.16 3 0
github.com/hitchnsmile/go-hangman/daos/leaderboard.go:73.2,73.35 1 0
github.com/hitchnsmile/go-hangman/daos/leaderboard.go:77.2,77.27 1 0
github.com/hitchnsmile/go-hangman/daos/leaderboard.go:63.16,64.13 1 0
github.com/hitchnsmile/go-hangman/daos/leaderboard.go:69.16,70.13 1 0
github.com/hitchnsmile/go-hangman/daos/leaderboard.go:73.35,75.3 1 0
github.com/hitchnsmile/go-hangman/daos/leaderboard.go:80.57,84.18 4 0
github.com/hitchnsmile/go-hangman/daos/leaderboard.go:88.2,88.18 1 0
github.com/hitchnsmile/go-hangman/daos/leaderboard.go:84.18,87.3 2 0
github.com/hitchnsmile/go-hangman/daos/leaderboard.go:91.65,95.18 4 0
github.com/hitchnsmile/go-hangman/daos/leaderboard.go:99.2,99.18 1 0
github.com/hitchnsmile/go-hangman/daos/leaderboard.go:95.18,98.3 2 0
github.com/hitchnsmile/go-hangman/daos/leaderboard.go:102.67,106.18 4 0
github.com/hitchnsmile/go-hangman/daos/leaderboard.go:110.2,110.18 1 0
github.com/hitchnsmile/go-hangman/daos/leaderboard.go:106.18,109.3 2 0
github.com/hitchnsmile/go-hangman/daos/leaderboard.go:113.67,121.16 8 0
github.com/hitchnsmile/go-hangman/daos/leaderboard.go:124.2,125.20 2 0
github.com/hitchnsmile/go-hangman/daos/leaderboard.go:121.16,123.3 1 0
github.com/hitchnsmile/go-hangman/daos/leaderboard.go:128.71,135.16 7 0
github.com/hitchnsmile/go-hangman/daos/leaderboard.go:135.16,137.3 1 0
github.com/hitchnsmile/go-hangman/daos/leaderboard.go:140.55,143.25 2 3
github.com/hitchnsmile/go-hangman/daos/leaderboard.go:154.2,154.15 1 3
github.com/hitchnsmile/go-hangman/daos/leaderboard.go:143.25,145.26 2 16
github.com/hitchnsmile/go-hangman/daos/leaderboard.go:151.3,151.28 1 16
github.com/hitchnsmile/go-hangman/daos/leaderboard.go:145.26,146.23 1 88
github.com/hitchnsmile/go-hangman/daos/leaderboard.go:146.23,148.10 2 5
github.com/hitchnsmile/go-hangman/daos/leaderboard.go:157.50,159.25 2 3
github.com/hitchnsmile/go-hangman/daos/leaderboard.go:172.2,172.17 1 3
github.com/hitchnsmile/go-hangman/daos/leaderboard.go:176.2,177.25 2 2
github.com/hitchnsmile/go-hangman/daos/leaderboard.go:185.2,185.62 1 2
github.com/hitchnsmile/go-hangman/daos/leaderboard.go:189.2,189.23 1 1
github.com/hitchnsmile/go-hangman/daos/leaderboard.go:159.25,161.26 2 18
github.com/hitchnsmile/go-hangman/daos/leaderboard.go:167.3,167.22 1 18
github.com/hitchnsmile/go-hangman/daos/leaderboard.go:161.26,162.23 1 91
github.com/hitchnsmile/go-hangman/daos/leaderboard.go:162.23,164.10 2 8
github.com/hitchnsmile/go-hangman/daos/leaderboard.go:167.22,169.4 1 10
github.com/hitchnsmile/go-hangman/daos/leaderboard.go:172.17,174.3 1 1
github.com/hitchnsmile/go-hangman/daos/leaderboard.go:177.25,178.26 1 12
github.com/hitchnsmile/go-hangman/daos/leaderboard.go:178.26,179.23 1 73
github.com/hitchnsmile/go-hangman/daos/leaderboard.go:179.23,181.10 2 3
github.com/hitchnsmile/go-hangman/daos/leaderboard.go:185.62,187.3 1 1
github.com/hitchnsmile/go-hangman/events/events.go:11.64,12.6 1 0
github.com/hitchnsmile/go-hangman/events/events.go:12.6,13.10 1 0
github.com/hitchnsmile/go-hangman/events/events.go:14.21,15.34 1 0
github.com/hitchnsmile/go-hangman/events/events.go:63.11,64.29 1 0
github.com/hitchnsmile/go-hangman/events/events.go:15.34,16.12 1 0
github.com/hitchnsmile/go-hangman/events/events.go:17.63,18.12 1 0
github.com/hitchnsmile/go-hangman/events/events.go:19.33,20.51 1 0
github.com/hitchnsmile/go-hangman/events/events.go:24.33,25.51 1 0
github.com/hitchnsmile/go-hangman/events/events.go:29.33,30.51 1 0
github.com/hitchnsmile/go-hangman/events/events.go:34.41,35.18 1 0
github.com/hitchnsmile/go-hangman/events/events.go:36.40,37.44 1 0
github.com/hitchnsmile/go-hangman/events/events.go:42.38,43.44 1 0
github.com/hitchnsmile/go-hangman/events/events.go:48.36,49.44 1 0
github.com/hitchnsmile/go-hangman/events/events.go:55.19,56.47 1 0
github.com/hitchnsmile/go-hangman/events/events.go:20.51,23.7 2 0
github.com/hitchnsmile/go-hangman/events/events.go:25.51,28.7 2 0
github.com/hitchnsmile/go-hangman/events/events.go:30.51,33.7 2 0
github.com/hitchnsmile/go-hangman/events/events.go:37.44,39.7 1 0
github.com/hitchnsmile/go-hangman/events/events.go:39.7,39.58 1 0
github.com/hitchnsmile/go-hangman/events/events.go:39.58,41.7 1 0
github.com/hitchnsmile/go-hangman/events/events.go:43.44,45.7 1 0
github.com/hitchnsmile/go-hangman/events/events.go:45.7,45.58 1 0
github.com/hitchnsmile/go-hangman/events/events.go:45.58,47.7 1 0
github.com/hitchnsmile/go-hangman/events/events.go:49.44,51.7 1 0
github.com/hitchnsmile/go-hangman/events/events.go:51.7,51.58 1 0
github.com/hitchnsmile/go-hangman/events/events.go:51.58,54.7 2 0
github.com/hitchnsmile/go-hangman/events/events.go:56.47,57.33 1 0
github.com/hitchnsmile/go-hangman/events/events.go:57.33,59.8 1 0
github.com/hitchnsmile/go-hangman/events/events.go:69.26,71.2 1 1
github.com/hitchnsmile/go-hangman/screens/game.go:38.28,44.2 5 0
github.com/hitchnsmile/go-hangman/screens/game.go:46.29,47.19 1 0
github.com/hitchnsmile/go-hangman/screens/game.go:51.2,55.16 5 0
github.com/hitchnsmile/go-hangman/screens/game.go:47.19,50.3 2 0
github.com/hitchnsmile/go-hangman/screens/game.go:58.35,59.36 1 0
github.com/hitchnsmile/go-hangman/screens/game.go:63.2,64.27 2 0
github.com/hitchnsmile/go-hangman/screens/game.go:69.2,71.14 3 0
github.com/hitchnsmile/go-hangman/screens/game.go:59.36,61.3 1 0
github.com/hitchnsmile/go-hangman/screens/game.go:64.27,65.24 1 0
github.com/hitchnsmile/go-hangman/screens/game.go:65.24,67.4 1 0
github.com/hitchnsmile/go-hangman/screens/game.go:74.56,78.25 3 4
github.com/hitchnsmile/go-hangman/screens/game.go:88.2,90.26 2 4
github.com/hitchnsmile/go-hangman/screens/game.go:78.25,79.26 1 21
github.com/hitchnsmile/go-hangman/screens/game.go:85.3,86.79 2 21
github.com/hitchnsmile/go-hangman/screens/game.go:79.26,80.23 1 86
github.com/hitchnsmile/go-hangman/screens/game.go:80.23,82.10 2 7
github.com/hitchnsmile/go-hangman/screens/game.go:90.26,96.3 5 1
github.com/hitchnsmile/go-hangman/screens/game.go:96.3,98.26 2 3
github.com/hitchnsmile/go-hangman/screens/game.go:112.3,112.18 1 3
github.com/hitchnsmile/go-hangman/screens/game.go:98.26,100.27 2 12
github.com/hitchnsmile/go-hangman/screens/game.go:106.4,106.23 1 12
github.com/hitchnsmile/go-hangman/screens/game.go:110.4,110.77 1 12
github.com/hitchnsmile/go-hangman/screens/game.go:100.27,101.24 1 48
github.com/hitchnsmile/go-hangman/screens/game.go:101.24,103.11 2 7
github.com/hitchnsmile/go-hangman/screens/game.go:106.23,108.5 1 5
github.com/hitchnsmile/go-hangman/screens/game.go:112.18,116.4 3 1
github.com/hitchnsmile/go-hangman/screens/game.go:116.4,120.4 3 2
github.com/hitchnsmile/go-hangman/screens/game.go:126.61,127.25 1 62
github.com/hitchnsmile/go-hangman/screens/game.go:127.25,129.3 1 882
github.com/hitchnsmile/go-hangman/screens/game.go:132.33,133.40 1 4
github.com/hitchnsmile/go-hangman/screens/game.go:133.40,135.3 1 36
github.com/hitchnsmile/go-hangman/screens/game.go:138.23,142.2 3 1
github.com/hitchnsmile/go-hangman/screens/leaderboard.go:36.32,40.34 3 0
github.com/hitchnsmile/go-hangman/screens/leaderboard.go:49.2,49.52 1 0
github.com/hitchnsmile/go-hangman/screens/leaderboard.go:53.2,58.16 5 0
github.com/hitchnsmile/go-hangman/screens/leaderboard.go:41.23,42.29 1 0
github.com/hitchnsmile/go-hangman/screens/leaderboard.go:43.31,44.37 1 0
github.com/hitchnsmile/go-hangman/screens/leaderboard.go:45.33,46.39 1 0
github.com/hitchnsmile/go-hangman/screens/leaderboard.go:49.52,51.3 1 0
github.com/hitchnsmile/go-hangman/screens/leaderboard.go:61.36,64.2 2 0
github.com/hitchnsmile/go-hangman/screens/leaderboard.go:66.34,67.38 1 0
github.com/hitchnsmile/go-hangman/screens/leaderboard.go:70.2,70.17 1 0
github.com/hitchnsmile/go-hangman/screens/leaderboard.go:67.38,69.3 1 0
github.com/hitchnsmile/go-hangman/screens/leaderboard.go:73.55,78.2 4 0
github.com/hitchnsmile/go-hangman/screens/leaderboard.go:80.61,82.51 2 0
github.com/hitchnsmile/go-hangman/screens/leaderboard.go:82.51,85.111 2 0
github.com/hitchnsmile/go-hangman/screens/leaderboard.go:89.3,89.36 1 0
github.com/hitchnsmile/go-hangman/screens/leaderboard.go:125.3,125.32 1 0
github.com/hitchnsmile/go-hangman/screens/leaderboard.go:85.111,87.4 1 0
github.com/hitchnsmile/go-hangman/screens/leaderboard.go:90.34,91.24 1 0
github.com/hitchnsmile/go-hangman/screens/leaderboard.go:99.34,100.24 1 0
github.com/hitchnsmile/go-hangman/screens/leaderboard.go:105.34,106.24 1 0
github.com/hitchnsmile/go-hangman/screens/leaderboard.go:111.34,112.24 1 0
github.com/hitchnsmile/go-hangman/screens/leaderboard.go:117.34,118.24 1 0
github.com/hitchnsmile/go-hangman/screens/leaderboard.go:91.24,92.105 1 0
github.com/hitchnsmile/go-hangman/screens/leaderboard.go:95.5,95.22 1 0
github.com/hitchnsmile/go-hangman/screens/leaderboard.go:92.105,94.6 1 0
github.com/hitchnsmile/go-hangman/screens/leaderboard.go:95.22,97.6 1 0
github.com/hitchnsmile/go-hangman/screens/leaderboard.go:100.24,101.106 1 0
github.com/hitchnsmile/go-hangman/screens/leaderboard.go:101.106,103.6 1 0
github.com/hitchnsmile/go-hangman/screens/leaderboard.go:106.24,107.104 1 0
github.com/hitchnsmile/go-hangman/screens/leaderboard.go:107.104,109.6 1 0
github.com/hitchnsmile/go-hangman/screens/leaderboard.go:112.24,113.107 1 0
github.com/hitchnsmile/go-hangman/screens/leaderboard.go:113.107,115.6 1 0
github.com/hitchnsmile/go-hangman/screens/leaderboard.go:118.24,119.108 1 0
github.com/hitchnsmile/go-hangman/screens/leaderboard.go:119.108,121.6 1 0
github.com/hitchnsmile/go-hangman/screens/leaderboard.go:129.51,130.25 1 4
github.com/hitchnsmile/go-hangman/screens/leaderboard.go:134.2,134.10 1 4
github.com/hitchnsmile/go-hangman/screens/leaderboard.go:130.25,133.3 2 19
github.com/hitchnsmile/go-hangman/screens/leaderboard.go:137.84,139.21 2 2
github.com/hitchnsmile/go-hangman/screens/leaderboard.go:149.2,149.17 1 2
github.com/hitchnsmile/go-hangman/screens/leaderboard.go:139.21,148.3 8 6
github.com/hitchnsmile/go-hangman/screens/leaderboard.go:152.42,153.18 1 10
github.com/hitchnsmile/go-hangman/screens/leaderboard.go:161.2,161.11 1 1
github.com/hitchnsmile/go-hangman/screens/leaderboard.go:154.20,155.21 1 3
github.com/hitchnsmile/go-hangman/screens/leaderboard.go:156.21,157.18 1 3
github.com/hitchnsmile/go-hangman/screens/leaderboard.go:158.27,159.23 1 3
github.com/hitchnsmile/go-hangman/screens/leaderboard.go:164.61,166.25 2 11
github.com/hitchnsmile/go-hangman/screens/leaderboard.go:180.2,180.16 1 11
github.com/hitchnsmile/go-hangman/screens/leaderboard.go:166.25,168.29 2 71
github.com/hitchnsmile/go-hangman/screens/leaderboard.go:173.3,173.19 1 71
github.com/hitchnsmile/go-hangman/screens/leaderboard.go:168.29,169.14 1 378
github.com/hitchnsmile/go-hangman/screens/leaderboard.go:169.14,171.5 1 26
github.com/hitchnsmile/go-hangman/screens/leaderboard.go:173.19,175.4 1 45
github.com/hitchnsmile/go-hangman/screens/leaderboard.go:175.4,177.4 1 26
github.com/hitchnsmile/go-hangman/screens/menu.go:24.29,31.2 4 0
github.com/hitchnsmile/go-hangman/screens/menu.go:33.27,34.21 1 0
github.com/hitchnsmile/go-hangman/screens/menu.go:37.2,37.14 1 0
github.com/hitchnsmile/go-hangman/screens/menu.go:34.21,36.3 1 0
github.com/hitchnsmile/go-hangman/screens/menu.go:40.29,41.21 1 0
github.com/hitchnsmile/go-hangman/screens/menu.go:44.2,44.14 1 0
github.com/hitchnsmile/go-hangman/screens/menu.go:41.21,43.3 1 0
github.com/hitchnsmile/go-hangman/screens/menu.go:47.52,48.22 1 0
github.com/hitchnsmile/go-hangman/screens/menu.go:49.19,50.14 1 0
github.com/hitchnsmile/go-hangman/screens/menu.go:51.28,52.15 1 0
github.com/hitchnsmile/go-hangman/screens/menu.go:53.23,55.18 2 0
github.com/hitchnsmile/go-hangman/screens/menu.go:59.41,63.38 3 0
github.com/hitchnsmile/go-hangman/screens/menu.go:63.38,66.29 3 0
github.com/hitchnsmile/go-hangman/screens/menu.go:70.3,70.34 1 0
github.com/hitchnsmile/go-hangman/screens/menu.go:66.29,69.4 2 0
github.com/hitchnsmile/go-hangman/screens/menu.go:70.34,72.4 1 0
